[debug] [2025-11-24T09:42:41.248Z] ----------------------------------------------------------------------
[debug] [2025-11-24T09:42:41.254Z] Command:       /usr/local/bin/firebase /Users/cyg050217/.cache/firebase/tools/lib/node_modules/firebase-tools/lib/bin/firebase deploy --only functions
[debug] [2025-11-24T09:42:41.255Z] CLI Version:   14.8.0
[debug] [2025-11-24T09:42:41.255Z] Platform:      darwin
[debug] [2025-11-24T09:42:41.255Z] Node Version:  v20.18.2
[debug] [2025-11-24T09:42:41.256Z] Time:          Mon Nov 24 2025 18:42:41 GMT+0900 (GMT+09:00)
[debug] [2025-11-24T09:42:41.256Z] ----------------------------------------------------------------------
[debug] 
[debug] [2025-11-24T09:42:41.467Z] > command requires scopes: ["email","openid","https://www.googleapis.com/auth/cloudplatformprojects.readonly","https://www.googleapis.com/auth/firebase","https://www.googleapis.com/auth/cloud-platform"]
[debug] [2025-11-24T09:42:41.469Z] > authorizing via signed-in user (cyg050217@gmail.com)
[debug] [2025-11-24T09:42:41.469Z] [iam] checking project dangdangsalon-4b2a0 for permissions ["cloudfunctions.functions.create","cloudfunctions.functions.delete","cloudfunctions.functions.get","cloudfunctions.functions.list","cloudfunctions.functions.update","cloudfunctions.operations.get","firebase.projects.get"]
[debug] [2025-11-24T09:42:41.472Z] Checked if tokens are valid: true, expires at: 1763980779801
[debug] [2025-11-24T09:42:41.472Z] Checked if tokens are valid: true, expires at: 1763980779801
[debug] [2025-11-24T09:42:41.474Z] >>> [apiv2][query] POST https://cloudresourcemanager.googleapis.com/v1/projects/dangdangsalon-4b2a0:testIamPermissions [none]
[debug] [2025-11-24T09:42:41.474Z] >>> [apiv2][(partial)header] POST https://cloudresourcemanager.googleapis.com/v1/projects/dangdangsalon-4b2a0:testIamPermissions x-goog-quota-user=projects/dangdangsalon-4b2a0
[debug] [2025-11-24T09:42:41.475Z] >>> [apiv2][body] POST https://cloudresourcemanager.googleapis.com/v1/projects/dangdangsalon-4b2a0:testIamPermissions {"permissions":["cloudfunctions.functions.create","cloudfunctions.functions.delete","cloudfunctions.functions.get","cloudfunctions.functions.list","cloudfunctions.functions.update","cloudfunctions.operations.get","firebase.projects.get"]}
[debug] [2025-11-24T09:42:42.431Z] <<< [apiv2][status] POST https://cloudresourcemanager.googleapis.com/v1/projects/dangdangsalon-4b2a0:testIamPermissions 200
[debug] [2025-11-24T09:42:42.431Z] <<< [apiv2][body] POST https://cloudresourcemanager.googleapis.com/v1/projects/dangdangsalon-4b2a0:testIamPermissions {"permissions":["cloudfunctions.functions.create","cloudfunctions.functions.delete","cloudfunctions.functions.get","cloudfunctions.functions.list","cloudfunctions.functions.update","cloudfunctions.operations.get","firebase.projects.get"]}
[debug] [2025-11-24T09:42:42.432Z] Checked if tokens are valid: true, expires at: 1763980779801
[debug] [2025-11-24T09:42:42.432Z] Checked if tokens are valid: true, expires at: 1763980779801
[debug] [2025-11-24T09:42:42.433Z] >>> [apiv2][query] POST https://iam.googleapis.com/v1/projects/dangdangsalon-4b2a0/serviceAccounts/dangdangsalon-4b2a0@appspot.gserviceaccount.com:testIamPermissions [none]
[debug] [2025-11-24T09:42:42.433Z] >>> [apiv2][body] POST https://iam.googleapis.com/v1/projects/dangdangsalon-4b2a0/serviceAccounts/dangdangsalon-4b2a0@appspot.gserviceaccount.com:testIamPermissions {"permissions":["iam.serviceAccounts.actAs"]}
[debug] [2025-11-24T09:42:43.781Z] <<< [apiv2][status] POST https://iam.googleapis.com/v1/projects/dangdangsalon-4b2a0/serviceAccounts/dangdangsalon-4b2a0@appspot.gserviceaccount.com:testIamPermissions 404
[debug] [2025-11-24T09:42:43.783Z] <<< [apiv2][body] POST https://iam.googleapis.com/v1/projects/dangdangsalon-4b2a0/serviceAccounts/dangdangsalon-4b2a0@appspot.gserviceaccount.com:testIamPermissions {"error":{"code":404,"message":"Unknown service account","status":"NOT_FOUND"}}
[debug] [2025-11-24T09:42:43.785Z] [functions] service account IAM check errored, deploy may fail: Request to https://iam.googleapis.com/v1/projects/dangdangsalon-4b2a0/serviceAccounts/dangdangsalon-4b2a0@appspot.gserviceaccount.com:testIamPermissions had HTTP Error: 404, Unknown service account {"name":"FirebaseError","children":[],"context":{"body":{"error":{"code":404,"message":"Unknown service account","status":"NOT_FOUND"}},"response":{"statusCode":404}},"exit":1,"message":"Request to https://iam.googleapis.com/v1/projects/dangdangsalon-4b2a0/serviceAccounts/dangdangsalon-4b2a0@appspot.gserviceaccount.com:testIamPermissions had HTTP Error: 404, Unknown service account","status":404}
[info] 
[info] === Deploying to 'dangdangsalon-4b2a0'...
[info] 
[info] i  deploying functions 
[debug] [2025-11-24T09:42:43.793Z] Checked if tokens are valid: true, expires at: 1763980779801
[debug] [2025-11-24T09:42:43.793Z] Checked if tokens are valid: true, expires at: 1763980779801
[debug] [2025-11-24T09:42:43.794Z] >>> [apiv2][query] GET https://cloudresourcemanager.googleapis.com/v1/projects/dangdangsalon-4b2a0 [none]
[debug] [2025-11-24T09:42:44.263Z] <<< [apiv2][status] GET https://cloudresourcemanager.googleapis.com/v1/projects/dangdangsalon-4b2a0 200
[debug] [2025-11-24T09:42:44.264Z] <<< [apiv2][body] GET https://cloudresourcemanager.googleapis.com/v1/projects/dangdangsalon-4b2a0 {"projectNumber":"112771185295","projectId":"dangdangsalon-4b2a0","lifecycleState":"ACTIVE","name":"DangSalon","labels":{"firebase":"enabled","firebase-core":"disabled"},"createTime":"2025-10-21T08:31:06.138849Z"}
[info] i  functions: preparing codebase default for deployment 
[info] i  functions: ensuring required API cloudfunctions.googleapis.com is enabled... 
[info] i  functions: ensuring required API cloudbuild.googleapis.com is enabled... 
[info] i  artifactregistry: ensuring required API artifactregistry.googleapis.com is enabled... 
[debug] [2025-11-24T09:42:44.270Z] Checked if tokens are valid: true, expires at: 1763980779801
[debug] [2025-11-24T09:42:44.271Z] Checked if tokens are valid: true, expires at: 1763980779801
[debug] [2025-11-24T09:42:44.271Z] >>> [apiv2][query] GET https://firebase.googleapis.com/v1beta1/projects/dangdangsalon-4b2a0/adminSdkConfig [none]
[debug] [2025-11-24T09:42:45.225Z] <<< [apiv2][status] GET https://firebase.googleapis.com/v1beta1/projects/dangdangsalon-4b2a0/adminSdkConfig 200
[debug] [2025-11-24T09:42:45.226Z] <<< [apiv2][body] GET https://firebase.googleapis.com/v1beta1/projects/dangdangsalon-4b2a0/adminSdkConfig {"projectId":"dangdangsalon-4b2a0","storageBucket":"dangdangsalon-4b2a0.firebasestorage.app"}
[debug] [2025-11-24T09:42:45.226Z] Checked if tokens are valid: true, expires at: 1763980779801
[debug] [2025-11-24T09:42:45.226Z] Checked if tokens are valid: true, expires at: 1763980779801
[debug] [2025-11-24T09:42:45.227Z] >>> [apiv2][query] GET https://runtimeconfig.googleapis.com/v1beta1/projects/dangdangsalon-4b2a0/configs [none]
[debug] [2025-11-24T09:42:45.868Z] <<< [apiv2][status] GET https://runtimeconfig.googleapis.com/v1beta1/projects/dangdangsalon-4b2a0/configs 200
[debug] [2025-11-24T09:42:45.869Z] <<< [apiv2][body] GET https://runtimeconfig.googleapis.com/v1beta1/projects/dangdangsalon-4b2a0/configs {}
[debug] [2025-11-24T09:42:45.875Z] Validating nodejs source
[debug] [2025-11-24T09:42:45.895Z] checkFunctionsSDKVersion was unable to fetch information from NPM Error: spawnSync npm Unknown system error -8
    at Object.spawnSync (node:internal/child_process:1123:20)
    at Object.spawnSync (node:child_process:877:24)
    at Object.spawnSync (pkg/prelude/bootstrap.js:2092:31)
    at Function.spawnSync [as sync] (/Users/cyg050217/.cache/firebase/tools/lib/node_modules/cross-spawn/index.js:26:23)
    at Object.getLatestSDKVersion (/Users/cyg050217/.cache/firebase/tools/lib/node_modules/firebase-tools/lib/deploy/functions/runtimes/node/versioning.js:54:25)
    at Object.checkFunctionsSDKVersion (/Users/cyg050217/.cache/firebase/tools/lib/node_modules/firebase-tools/lib/deploy/functions/runtimes/node/versioning.js:74:32)
    at Delegate.validate (/Users/cyg050217/.cache/firebase/tools/lib/node_modules/firebase-tools/lib/deploy/functions/runtimes/node/index.js:86:20)
    at loadCodebases (/Users/cyg050217/.cache/firebase/tools/lib/node_modules/firebase-tools/lib/deploy/functions/prepare.js:305:31)
    at async prepare (/Users/cyg050217/.cache/firebase/tools/lib/node_modules/firebase-tools/lib/deploy/functions/prepare.js:59:24)
    at async chain (/Users/cyg050217/.cache/firebase/tools/lib/node_modules/firebase-tools/lib/deploy/index.js:42:9)
[debug] [2025-11-24T09:42:45.896Z] > [functions] package.json contents: {
  "name": "functions",
  "version": "1.0.0",
  "main": "index.js",
  "scripts": {
    "test": "echo \"Error: no test specified\" && exit 1"
  },
  "keywords": [],
  "author": "",
  "license": "ISC",
  "description": "",
  "dependencies": {
    "firebase-admin": "^13.6.0",
    "firebase-functions": "^7.0.0"
  }
}
[debug] [2025-11-24T09:42:45.896Z] Building nodejs source
[info] i  functions: Loading and analyzing source code for codebase default to determine what to deploy 
[debug] [2025-11-24T09:42:45.899Z] Could not find functions.yaml. Must use http discovery
[debug] [2025-11-24T09:42:45.919Z] Found firebase-functions binary at '/Users/cyg050217/Desktop/DangDangSalon/functions/node_modules/.bin/firebase-functions'
[info] Serving at port 8696

[debug] [2025-11-24T09:42:46.825Z] Got response from /__/functions.yaml {"endpoints":{"onReviewCreated":{"availableMemoryMb":null,"timeoutSeconds":null,"minInstances":null,"maxInstances":null,"ingressSettings":null,"concurrency":null,"serviceAccountEmail":null,"vpc":null,"platform":"gcfv2","labels":{},"eventTrigger":{"eventType":"google.cloud.firestore.document.v1.written","eventFilters":{"database":"(default)","namespace":"(default)"},"eventFilterPathPatterns":{"document":"shops/{shopId}/reviews/{reviewId}"},"retry":false},"entryPoint":"onReviewCreated"},"sendReservationStatusNotification":{"availableMemoryMb":null,"timeoutSeconds":null,"minInstances":null,"maxInstances":null,"ingressSettings":null,"concurrency":null,"serviceAccountEmail":null,"vpc":null,"platform":"gcfv2","labels":{},"eventTrigger":{"eventType":"google.cloud.firestore.document.v1.updated","eventFilters":{"database":"(default)","namespace":"(default)"},"eventFilterPathPatterns":{"document":"reservations/{reservationId}"},"retry":false},"entryPoint":"sendReservationStatusNotification"},"sendNewReservationNotification":{"availableMemoryMb":null,"timeoutSeconds":null,"minInstances":null,"maxInstances":null,"ingressSettings":null,"concurrency":null,"serviceAccountEmail":null,"vpc":null,"platform":"gcfv2","labels":{},"eventTrigger":{"eventType":"google.cloud.firestore.document.v1.created","eventFilters":{"database":"(default)","namespace":"(default)"},"eventFilterPathPatterns":{"document":"reservations/{reservationId}"},"retry":false},"entryPoint":"sendNewReservationNotification"},"sendOwnerCancelNotification":{"availableMemoryMb":null,"timeoutSeconds":null,"minInstances":null,"maxInstances":null,"ingressSettings":null,"concurrency":null,"serviceAccountEmail":null,"vpc":null,"platform":"gcfv2","labels":{},"eventTrigger":{"eventType":"google.cloud.firestore.document.v1.updated","eventFilters":{"database":"(default)","namespace":"(default)"},"eventFilterPathPatterns":{"document":"reservations/{reservationId}"},"retry":false},"entryPoint":"sendOwnerCancelNotification"}},"specVersion":"v1alpha1","requiredAPIs":[],"extensions":{}}
[info] i  extensions: ensuring required API firebaseextensions.googleapis.com is enabled... 
[debug] [2025-11-24T09:42:50.927Z] > command requires scopes: ["email","openid","https://www.googleapis.com/auth/cloudplatformprojects.readonly","https://www.googleapis.com/auth/firebase","https://www.googleapis.com/auth/cloud-platform"]
[debug] [2025-11-24T09:42:50.927Z] > authorizing via signed-in user (cyg050217@gmail.com)
[debug] [2025-11-24T09:42:50.928Z] [iam] checking project dangdangsalon-4b2a0 for permissions ["firebase.projects.get","firebaseextensions.instances.list"]
[debug] [2025-11-24T09:42:50.929Z] Checked if tokens are valid: true, expires at: 1763980779801
[debug] [2025-11-24T09:42:50.930Z] Checked if tokens are valid: true, expires at: 1763980779801
[debug] [2025-11-24T09:42:50.930Z] >>> [apiv2][query] POST https://cloudresourcemanager.googleapis.com/v1/projects/dangdangsalon-4b2a0:testIamPermissions [none]
[debug] [2025-11-24T09:42:50.930Z] >>> [apiv2][(partial)header] POST https://cloudresourcemanager.googleapis.com/v1/projects/dangdangsalon-4b2a0:testIamPermissions x-goog-quota-user=projects/dangdangsalon-4b2a0
[debug] [2025-11-24T09:42:50.930Z] >>> [apiv2][body] POST https://cloudresourcemanager.googleapis.com/v1/projects/dangdangsalon-4b2a0:testIamPermissions {"permissions":["firebase.projects.get","firebaseextensions.instances.list"]}
[debug] [2025-11-24T09:42:51.677Z] <<< [apiv2][status] POST https://cloudresourcemanager.googleapis.com/v1/projects/dangdangsalon-4b2a0:testIamPermissions 200
[debug] [2025-11-24T09:42:51.684Z] <<< [apiv2][body] POST https://cloudresourcemanager.googleapis.com/v1/projects/dangdangsalon-4b2a0:testIamPermissions {"permissions":["firebase.projects.get","firebaseextensions.instances.list"]}
[debug] [2025-11-24T09:42:51.686Z] Checked if tokens are valid: true, expires at: 1763980779801
[debug] [2025-11-24T09:42:51.686Z] Checked if tokens are valid: true, expires at: 1763980779801
[debug] [2025-11-24T09:42:51.687Z] >>> [apiv2][query] GET https://firebaseextensions.googleapis.com/v1beta/projects/dangdangsalon-4b2a0/instances pageSize=100&pageToken=
[debug] [2025-11-24T09:42:53.212Z] <<< [apiv2][status] GET https://firebaseextensions.googleapis.com/v1beta/projects/dangdangsalon-4b2a0/instances 200
[debug] [2025-11-24T09:42:53.213Z] <<< [apiv2][body] GET https://firebaseextensions.googleapis.com/v1beta/projects/dangdangsalon-4b2a0/instances {}
[info] i  functions: preparing functions directory for uploading... 
[info] i  functions: packaged /Users/cyg050217/Desktop/DangDangSalon/functions (32.71 KB) for uploading 
[debug] [2025-11-24T09:42:53.310Z] Checked if tokens are valid: true, expires at: 1763980779801
[debug] [2025-11-24T09:42:53.310Z] Checked if tokens are valid: true, expires at: 1763980779801
[debug] [2025-11-24T09:42:53.310Z] >>> [apiv2][query] GET https://cloudfunctions.googleapis.com/v1/projects/dangdangsalon-4b2a0/locations/-/functions [none]
[debug] [2025-11-24T09:42:54.821Z] <<< [apiv2][status] GET https://cloudfunctions.googleapis.com/v1/projects/dangdangsalon-4b2a0/locations/-/functions 200
[debug] [2025-11-24T09:42:54.821Z] <<< [apiv2][body] GET https://cloudfunctions.googleapis.com/v1/projects/dangdangsalon-4b2a0/locations/-/functions {}
[debug] [2025-11-24T09:42:54.822Z] Checked if tokens are valid: true, expires at: 1763980779801
[debug] [2025-11-24T09:42:54.822Z] Checked if tokens are valid: true, expires at: 1763980779801
[debug] [2025-11-24T09:42:54.824Z] >>> [apiv2][query] GET https://cloudfunctions.googleapis.com/v2/projects/dangdangsalon-4b2a0/locations/-/functions filter=environment%3D%22GEN_2%22
[debug] [2025-11-24T09:42:56.453Z] <<< [apiv2][status] GET https://cloudfunctions.googleapis.com/v2/projects/dangdangsalon-4b2a0/locations/-/functions 200
[debug] [2025-11-24T09:42:56.454Z] <<< [apiv2][body] GET https://cloudfunctions.googleapis.com/v2/projects/dangdangsalon-4b2a0/locations/-/functions {"functions":[{"name":"projects/dangdangsalon-4b2a0/locations/us-central1/functions/sendReservationStatusNotification","buildConfig":{"build":"projects/112771185295/locations/us-central1/builds/6b9a7bab-c750-42db-8c49-ae1bc455bd38","runtime":"nodejs22","entryPoint":"sendReservationStatusNotification","source":{"storageSource":{"bucket":"gcf-v2-sources-112771185295-us-central1","object":"sendReservationStatusNotification/function-source.zip","generation":"1763567326479526"}},"environmentVariables":{"GOOGLE_NODE_RUN_SCRIPTS":""},"dockerRepository":"projects/dangdangsalon-4b2a0/locations/us-central1/repositories/gcf-artifacts","sourceProvenance":{"resolvedStorageSource":{"bucket":"gcf-v2-sources-112771185295-us-central1","object":"sendReservationStatusNotification/function-source.zip","generation":"1763567326479526"}},"dockerRegistry":"ARTIFACT_REGISTRY","serviceAccount":"projects/dangdangsalon-4b2a0/serviceAccounts/112771185295-compute@developer.gserviceaccount.com","automaticUpdatePolicy":{}},"serviceConfig":{"service":"projects/dangdangsalon-4b2a0/locations/us-central1/services/sendreservationstatusnotification","timeoutSeconds":60,"environmentVariables":{"FIREBASE_CONFIG":"{\"projectId\":\"dangdangsalon-4b2a0\",\"storageBucket\":\"dangdangsalon-4b2a0.firebasestorage.app\"}","GCLOUD_PROJECT":"dangdangsalon-4b2a0","EVENTARC_CLOUD_EVENT_SOURCE":"projects/dangdangsalon-4b2a0/locations/us-central1/services/sendReservationStatusNotification","FUNCTION_SIGNATURE_TYPE":"cloudevent","FUNCTION_TARGET":"sendReservationStatusNotification","LOG_EXECUTION_ID":"true"},"ingressSettings":"ALLOW_ALL","uri":"https://sendreservationstatusnotification-4itvt5lbka-uc.a.run.app","serviceAccountEmail":"112771185295-compute@developer.gserviceaccount.com","availableMemory":"256Mi","allTrafficOnLatestRevision":true,"revision":"sendreservationstatusnotification-00007-hih","maxInstanceRequestConcurrency":80,"availableCpu":"1"},"eventTrigger":{"trigger":"projects/dangdangsalon-4b2a0/locations/nam5/triggers/sendreservationstatusnotification-818628","triggerRegion":"nam5","eventType":"google.cloud.firestore.document.v1.updated","eventFilters":[{"attribute":"database","value":"(default)"},{"attribute":"namespace","value":"(default)"},{"attribute":"document","value":"reservations/{reservationId}","operator":"match-path-pattern"}],"pubsubTopic":"projects/dangdangsalon-4b2a0/topics/eventarc-nam5-sendreservationstatusnotification-818628-862","serviceAccountEmail":"112771185295-compute@developer.gserviceaccount.com","retryPolicy":"RETRY_POLICY_DO_NOT_RETRY"},"state":"ACTIVE","updateTime":"2025-11-19T15:48:53.841229929Z","labels":{"firebase-functions-hash":"8204fb2c8a542081a5281b5715b0f97446a0d98a","deployment-tool":"cli-firebase"},"environment":"GEN_2","url":"https://us-central1-dangdangsalon-4b2a0.cloudfunctions.net/sendReservationStatusNotification","createTime":"2025-11-19T15:10:17.891597515Z","satisfiesPzi":true},{"name":"projects/dangdangsalon-4b2a0/locations/us-central1/functions/onReviewCreated","buildConfig":{"build":"projects/112771185295/locations/us-central1/builds/6b9a7bab-c750-42db-8c49-ae1bc455bd38","runtime":"nodejs22","entryPoint":"onReviewCreated","source":{"storageSource":{"bucket":"gcf-v2-sources-112771185295-us-central1","object":"onReviewCreated/function-source.zip","generation":"1763567326418114"}},"environmentVariables":{"GOOGLE_NODE_RUN_SCRIPTS":""},"dockerRepository":"projects/dangdangsalon-4b2a0/locations/us-central1/repositories/gcf-artifacts","sourceProvenance":{"resolvedStorageSource":{"bucket":"gcf-v2-sources-112771185295-us-central1","object":"onReviewCreated/function-source.zip","generation":"1763567326418114"}},"dockerRegistry":"ARTIFACT_REGISTRY","serviceAccount":"projects/dangdangsalon-4b2a0/serviceAccounts/112771185295-compute@developer.gserviceaccount.com","automaticUpdatePolicy":{}},"serviceConfig":{"service":"projects/dangdangsalon-4b2a0/locations/us-central1/services/onreviewcreated","timeoutSeconds":60,"environmentVariables":{"FIREBASE_CONFIG":"{\"projectId\":\"dangdangsalon-4b2a0\",\"storageBucket\":\"dangdangsalon-4b2a0.firebasestorage.app\"}","GCLOUD_PROJECT":"dangdangsalon-4b2a0","EVENTARC_CLOUD_EVENT_SOURCE":"projects/dangdangsalon-4b2a0/locations/us-central1/services/onReviewCreated","FUNCTION_SIGNATURE_TYPE":"cloudevent","FUNCTION_TARGET":"onReviewCreated","LOG_EXECUTION_ID":"true"},"ingressSettings":"ALLOW_ALL","uri":"https://onreviewcreated-4itvt5lbka-uc.a.run.app","serviceAccountEmail":"112771185295-compute@developer.gserviceaccount.com","availableMemory":"256Mi","allTrafficOnLatestRevision":true,"revision":"onreviewcreated-00008-mek","maxInstanceRequestConcurrency":80,"availableCpu":"1"},"eventTrigger":{"trigger":"projects/dangdangsalon-4b2a0/locations/nam5/triggers/onreviewcreated-160695","triggerRegion":"nam5","eventType":"google.cloud.firestore.document.v1.written","eventFilters":[{"attribute":"namespace","value":"(default)"},{"attribute":"document","value":"shops/{shopId}/reviews/{reviewId}","operator":"match-path-pattern"},{"attribute":"database","value":"(default)"}],"pubsubTopic":"projects/dangdangsalon-4b2a0/topics/eventarc-nam5-onreviewcreated-160695-316","serviceAccountEmail":"112771185295-compute@developer.gserviceaccount.com","retryPolicy":"RETRY_POLICY_DO_NOT_RETRY"},"state":"ACTIVE","updateTime":"2025-11-19T15:48:53.107456206Z","labels":{"deployment-tool":"cli-firebase","firebase-functions-hash":"8204fb2c8a542081a5281b5715b0f97446a0d98a"},"environment":"GEN_2","url":"https://us-central1-dangdangsalon-4b2a0.cloudfunctions.net/onReviewCreated","createTime":"2025-11-11T02:14:16.761105243Z","satisfiesPzi":true},{"name":"projects/dangdangsalon-4b2a0/locations/us-central1/functions/sendNewReservationNotification","buildConfig":{"build":"projects/112771185295/locations/us-central1/builds/6b9a7bab-c750-42db-8c49-ae1bc455bd38","runtime":"nodejs22","entryPoint":"sendNewReservationNotification","source":{"storageSource":{"bucket":"gcf-v2-sources-112771185295-us-central1","object":"sendNewReservationNotification/function-source.zip","generation":"1763567326566891"}},"environmentVariables":{"GOOGLE_NODE_RUN_SCRIPTS":""},"dockerRepository":"projects/dangdangsalon-4b2a0/locations/us-central1/repositories/gcf-artifacts","sourceProvenance":{"resolvedStorageSource":{"bucket":"gcf-v2-sources-112771185295-us-central1","object":"sendNewReservationNotification/function-source.zip","generation":"1763567326566891"}},"dockerRegistry":"ARTIFACT_REGISTRY","serviceAccount":"projects/dangdangsalon-4b2a0/serviceAccounts/112771185295-compute@developer.gserviceaccount.com","automaticUpdatePolicy":{}},"serviceConfig":{"service":"projects/dangdangsalon-4b2a0/locations/us-central1/services/sendnewreservationnotification","timeoutSeconds":60,"environmentVariables":{"FIREBASE_CONFIG":"{\"projectId\":\"dangdangsalon-4b2a0\",\"storageBucket\":\"dangdangsalon-4b2a0.firebasestorage.app\"}","GCLOUD_PROJECT":"dangdangsalon-4b2a0","EVENTARC_CLOUD_EVENT_SOURCE":"projects/dangdangsalon-4b2a0/locations/us-central1/services/sendNewReservationNotification","FUNCTION_SIGNATURE_TYPE":"cloudevent","FUNCTION_TARGET":"sendNewReservationNotification","LOG_EXECUTION_ID":"true"},"ingressSettings":"ALLOW_ALL","uri":"https://sendnewreservationnotification-4itvt5lbka-uc.a.run.app","serviceAccountEmail":"112771185295-compute@developer.gserviceaccount.com","availableMemory":"256Mi","allTrafficOnLatestRevision":true,"revision":"sendnewreservationnotification-00006-hik","maxInstanceRequestConcurrency":80,"availableCpu":"1"},"eventTrigger":{"trigger":"projects/dangdangsalon-4b2a0/locations/nam5/triggers/sendnewreservationnotification-469583","triggerRegion":"nam5","eventType":"google.cloud.firestore.document.v1.created","eventFilters":[{"attribute":"database","value":"(default)"},{"attribute":"namespace","value":"(default)"},{"attribute":"document","value":"reservations/{reservationId}","operator":"match-path-pattern"}],"pubsubTopic":"projects/dangdangsalon-4b2a0/topics/eventarc-nam5-sendnewreservationnotification-469583-988","serviceAccountEmail":"112771185295-compute@developer.gserviceaccount.com","retryPolicy":"RETRY_POLICY_DO_NOT_RETRY"},"state":"ACTIVE","updateTime":"2025-11-19T15:48:53.270753354Z","labels":{"firebase-functions-hash":"8204fb2c8a542081a5281b5715b0f97446a0d98a","deployment-tool":"cli-firebase"},"environment":"GEN_2","url":"https://us-central1-dangdangsalon-4b2a0.cloudfunctions.net/sendNewReservationNotification","createTime":"2025-11-19T15:17:08.707328260Z","satisfiesPzi":true},{"name":"projects/dangdangsalon-4b2a0/locations/us-central1/functions/sendOwnerCancelNotification","buildConfig":{"build":"projects/112771185295/locations/us-central1/builds/6b9a7bab-c750-42db-8c49-ae1bc455bd38","runtime":"nodejs22","entryPoint":"sendOwnerCancelNotification","source":{"storageSource":{"bucket":"gcf-v2-sources-112771185295-us-central1","object":"sendOwnerCancelNotification/function-source.zip","generation":"1763567266662535"}},"environmentVariables":{"GOOGLE_NODE_RUN_SCRIPTS":""},"dockerRepository":"projects/dangdangsalon-4b2a0/locations/us-central1/repositories/gcf-artifacts","sourceProvenance":{"resolvedStorageSource":{"bucket":"gcf-v2-sources-112771185295-us-central1","object":"sendOwnerCancelNotification/function-source.zip","generation":"1763567266662535"}},"dockerRegistry":"ARTIFACT_REGISTRY","serviceAccount":"projects/dangdangsalon-4b2a0/serviceAccounts/112771185295-compute@developer.gserviceaccount.com","automaticUpdatePolicy":{}},"serviceConfig":{"service":"projects/dangdangsalon-4b2a0/locations/us-central1/services/sendownercancelnotification","timeoutSeconds":60,"environmentVariables":{"FIREBASE_CONFIG":"{\"projectId\":\"dangdangsalon-4b2a0\",\"storageBucket\":\"dangdangsalon-4b2a0.firebasestorage.app\"}","GCLOUD_PROJECT":"dangdangsalon-4b2a0","EVENTARC_CLOUD_EVENT_SOURCE":"projects/dangdangsalon-4b2a0/locations/us-central1/services/sendOwnerCancelNotification","FUNCTION_SIGNATURE_TYPE":"cloudevent","FUNCTION_TARGET":"sendOwnerCancelNotification","LOG_EXECUTION_ID":"true"},"ingressSettings":"ALLOW_ALL","uri":"https://sendownercancelnotification-4itvt5lbka-uc.a.run.app","serviceAccountEmail":"112771185295-compute@developer.gserviceaccount.com","availableMemory":"256Mi","allTrafficOnLatestRevision":true,"revision":"sendownercancelnotification-00001-vod","maxInstanceRequestConcurrency":80,"availableCpu":"1"},"eventTrigger":{"trigger":"projects/dangdangsalon-4b2a0/locations/nam5/triggers/sendownercancelnotification-824229","triggerRegion":"nam5","eventType":"google.cloud.firestore.document.v1.updated","eventFilters":[{"attribute":"database","value":"(default)"},{"attribute":"namespace","value":"(default)"},{"attribute":"document","value":"reservations/{reservationId}","operator":"match-path-pattern"}],"pubsubTopic":"projects/dangdangsalon-4b2a0/topics/eventarc-nam5-sendownercancelnotification-824229-459","serviceAccountEmail":"112771185295-compute@developer.gserviceaccount.com","retryPolicy":"RETRY_POLICY_DO_NOT_RETRY"},"state":"ACTIVE","updateTime":"2025-11-19T15:49:02.804192033Z","labels":{"firebase-functions-hash":"8204fb2c8a542081a5281b5715b0f97446a0d98a","deployment-tool":"cli-firebase"},"environment":"GEN_2","url":"https://us-central1-dangdangsalon-4b2a0.cloudfunctions.net/sendOwnerCancelNotification","createTime":"2025-11-19T15:47:46.923254608Z","satisfiesPzi":true}]}
[debug] [2025-11-24T09:42:56.467Z] Checked if tokens are valid: true, expires at: 1763980779801
[debug] [2025-11-24T09:42:56.467Z] Checked if tokens are valid: true, expires at: 1763980779801
[debug] [2025-11-24T09:42:56.468Z] >>> [apiv2][query] GET https://firestore.googleapis.com/v1/projects/dangdangsalon-4b2a0/databases/(default) [none]
[debug] [2025-11-24T09:42:57.791Z] <<< [apiv2][status] GET https://firestore.googleapis.com/v1/projects/dangdangsalon-4b2a0/databases/(default) 200
[debug] [2025-11-24T09:42:57.792Z] <<< [apiv2][body] GET https://firestore.googleapis.com/v1/projects/dangdangsalon-4b2a0/databases/(default) {"name":"projects/dangdangsalon-4b2a0/databases/(default)","uid":"89585ea7-67dd-42bb-b52c-14818852925b","createTime":"2025-10-24T09:22:14.591900Z","updateTime":"2025-10-24T09:22:14.591900Z","locationId":"nam5","type":"FIRESTORE_NATIVE","concurrencyMode":"PESSIMISTIC","versionRetentionPeriod":"604800s","earliestVersionTime":"2025-11-17T09:43:00Z","appEngineIntegrationMode":"DISABLED","keyPrefix":"s","pointInTimeRecoveryEnablement":"POINT_IN_TIME_RECOVERY_ENABLED","deleteProtectionState":"DELETE_PROTECTION_DISABLED","databaseEdition":"STANDARD","freeTier":false,"realtimeUpdatesMode":"REALTIME_UPDATES_MODE_ENABLED","etag":"IMHR+ue/ipEDMI7rtbT66JAD"}
[info] i  functions: ensuring required API run.googleapis.com is enabled... 
[info] i  functions: ensuring required API eventarc.googleapis.com is enabled... 
[info] i  functions: ensuring required API pubsub.googleapis.com is enabled... 
[info] i  functions: ensuring required API storage.googleapis.com is enabled... 
[info] i  functions: generating the service identity for pubsub.googleapis.com... 
[debug] [2025-11-24T09:42:57.801Z] Checked if tokens are valid: true, expires at: 1763980779801
[debug] [2025-11-24T09:42:57.801Z] Checked if tokens are valid: true, expires at: 1763980779801
[info] i  functions: generating the service identity for eventarc.googleapis.com... 
[debug] [2025-11-24T09:42:57.801Z] Checked if tokens are valid: true, expires at: 1763980779801
[debug] [2025-11-24T09:42:57.801Z] Checked if tokens are valid: true, expires at: 1763980779801
[debug] [2025-11-24T09:42:57.803Z] >>> [apiv2][query] POST https://serviceusage.googleapis.com/v1beta1/projects/112771185295/services/pubsub.googleapis.com:generateServiceIdentity [none]
[debug] [2025-11-24T09:42:57.803Z] >>> [apiv2][(partial)header] POST https://serviceusage.googleapis.com/v1beta1/projects/112771185295/services/pubsub.googleapis.com:generateServiceIdentity x-goog-quota-user=projects/112771185295
[debug] [2025-11-24T09:42:57.803Z] >>> [apiv2][body] POST https://serviceusage.googleapis.com/v1beta1/projects/112771185295/services/pubsub.googleapis.com:generateServiceIdentity {}
[debug] [2025-11-24T09:42:57.807Z] >>> [apiv2][query] POST https://serviceusage.googleapis.com/v1beta1/projects/112771185295/services/eventarc.googleapis.com:generateServiceIdentity [none]
[debug] [2025-11-24T09:42:57.807Z] >>> [apiv2][(partial)header] POST https://serviceusage.googleapis.com/v1beta1/projects/112771185295/services/eventarc.googleapis.com:generateServiceIdentity x-goog-quota-user=projects/112771185295
[debug] [2025-11-24T09:42:57.807Z] >>> [apiv2][body] POST https://serviceusage.googleapis.com/v1beta1/projects/112771185295/services/eventarc.googleapis.com:generateServiceIdentity {}
[debug] [2025-11-24T09:42:59.483Z] <<< [apiv2][status] POST https://serviceusage.googleapis.com/v1beta1/projects/112771185295/services/eventarc.googleapis.com:generateServiceIdentity 200
[debug] [2025-11-24T09:42:59.483Z] <<< [apiv2][body] POST https://serviceusage.googleapis.com/v1beta1/projects/112771185295/services/eventarc.googleapis.com:generateServiceIdentity {"name":"operations/finished.DONE_OPERATION","done":true,"response":{"@type":"type.googleapis.com/google.api.serviceusage.v1beta1.ServiceIdentity","email":"service-112771185295@gcp-sa-eventarc.iam.gserviceaccount.com","uniqueId":"116795623439206616578"}}
[debug] [2025-11-24T09:42:59.484Z] <<< [apiv2][status] POST https://serviceusage.googleapis.com/v1beta1/projects/112771185295/services/pubsub.googleapis.com:generateServiceIdentity 200
[debug] [2025-11-24T09:42:59.484Z] <<< [apiv2][body] POST https://serviceusage.googleapis.com/v1beta1/projects/112771185295/services/pubsub.googleapis.com:generateServiceIdentity {"name":"operations/finished.DONE_OPERATION","done":true,"response":{"@type":"type.googleapis.com/google.api.serviceusage.v1beta1.ServiceIdentity","email":"service-112771185295@gcp-sa-pubsub.iam.gserviceaccount.com","uniqueId":"108379376288422482181"}}
[debug] [2025-11-24T09:42:59.489Z] Checked if tokens are valid: true, expires at: 1763980779801
[debug] [2025-11-24T09:42:59.490Z] Checked if tokens are valid: true, expires at: 1763980779801
[debug] [2025-11-24T09:42:59.490Z] >>> [apiv2][query] GET https://cloudresourcemanager.googleapis.com/v1/projects/dangdangsalon-4b2a0 [none]
[debug] [2025-11-24T09:43:00.499Z] <<< [apiv2][status] GET https://cloudresourcemanager.googleapis.com/v1/projects/dangdangsalon-4b2a0 200
[debug] [2025-11-24T09:43:00.500Z] <<< [apiv2][body] GET https://cloudresourcemanager.googleapis.com/v1/projects/dangdangsalon-4b2a0 {"projectNumber":"112771185295","projectId":"dangdangsalon-4b2a0","lifecycleState":"ACTIVE","name":"DangSalon","labels":{"firebase":"enabled","firebase-core":"disabled"},"createTime":"2025-10-21T08:31:06.138849Z"}
[debug] [2025-11-24T09:43:00.501Z] Checked if tokens are valid: true, expires at: 1763980779801
[debug] [2025-11-24T09:43:00.501Z] Checked if tokens are valid: true, expires at: 1763980779801
[debug] [2025-11-24T09:43:00.502Z] >>> [apiv2][query] GET https://compute.googleapis.com/compute/v1/projects/112771185295 [none]
[debug] [2025-11-24T09:43:01.217Z] <<< [apiv2][status] GET https://compute.googleapis.com/compute/v1/projects/112771185295 403
[debug] [2025-11-24T09:43:01.218Z] <<< [apiv2][body] GET https://compute.googleapis.com/compute/v1/projects/112771185295 {"error":{"code":403,"message":"Compute Engine API has not been used in project 112771185295 before or it is disabled. Enable it by visiting https://console.developers.google.com/apis/api/compute.googleapis.com/overview?project=112771185295 then retry. If you enabled this API recently, wait a few minutes for the action to propagate to our systems and retry.","errors":[{"message":"Compute Engine API has not been used in project 112771185295 before or it is disabled. Enable it by visiting https://console.developers.google.com/apis/api/compute.googleapis.com/overview?project=112771185295 then retry. If you enabled this API recently, wait a few minutes for the action to propagate to our systems and retry.","domain":"usageLimits","reason":"accessNotConfigured","extendedHelp":"https://console.developers.google.com"}],"status":"PERMISSION_DENIED","details":[{"@type":"type.googleapis.com/google.rpc.ErrorInfo","reason":"SERVICE_DISABLED","domain":"googleapis.com","metadata":{"serviceTitle":"Compute Engine API","activationUrl":"https://console.developers.google.com/apis/api/compute.googleapis.com/overview?project=112771185295","containerInfo":"112771185295","service":"compute.googleapis.com","consumer":"projects/112771185295"}},{"@type":"type.googleapis.com/google.rpc.LocalizedMessage","locale":"en-US","message":"Compute Engine API has not been used in project 112771185295 before or it is disabled. Enable it by visiting https://console.developers.google.com/apis/api/compute.googleapis.com/overview?project=112771185295 then retry. If you enabled this API recently, wait a few minutes for the action to propagate to our systems and retry."},{"@type":"type.googleapis.com/google.rpc.Help","links":[{"description":"Google developers console API activation","url":"https://console.developers.google.com/apis/api/compute.googleapis.com/overview?project=112771185295"}]}]}}
[debug] [2025-11-24T09:43:01.220Z] unable to look up default compute service account. Falling back to 112771185295-compute@developer.gserviceaccount.com. Error: {"name":"FirebaseError","children":[],"context":{"body":{"error":{"code":403,"message":"Compute Engine API has not been used in project 112771185295 before or it is disabled. Enable it by visiting https://console.developers.google.com/apis/api/compute.googleapis.com/overview?project=112771185295 then retry. If you enabled this API recently, wait a few minutes for the action to propagate to our systems and retry.","errors":[{"message":"Compute Engine API has not been used in project 112771185295 before or it is disabled. Enable it by visiting https://console.developers.google.com/apis/api/compute.googleapis.com/overview?project=112771185295 then retry. If you enabled this API recently, wait a few minutes for the action to propagate to our systems and retry.","domain":"usageLimits","reason":"accessNotConfigured","extendedHelp":"https://console.developers.google.com"}],"status":"PERMISSION_DENIED","details":[{"@type":"type.googleapis.com/google.rpc.ErrorInfo","reason":"SERVICE_DISABLED","domain":"googleapis.com","metadata":{"serviceTitle":"Compute Engine API","activationUrl":"https://console.developers.google.com/apis/api/compute.googleapis.com/overview?project=112771185295","containerInfo":"112771185295","service":"compute.googleapis.com","consumer":"projects/112771185295"}},{"@type":"type.googleapis.com/google.rpc.LocalizedMessage","locale":"en-US","message":"Compute Engine API has not been used in project 112771185295 before or it is disabled. Enable it by visiting https://console.developers.google.com/apis/api/compute.googleapis.com/overview?project=112771185295 then retry. If you enabled this API recently, wait a few minutes for the action to propagate to our systems and retry."},{"@type":"type.googleapis.com/google.rpc.Help","links":[{"description":"Google developers console API activation","url":"https://console.developers.google.com/apis/api/compute.googleapis.com/overview?project=112771185295"}]}]}},"response":{"statusCode":403}},"exit":1,"message":"Request to https://compute.googleapis.com/compute/v1/projects/112771185295 had HTTP Error: 403, Compute Engine API has not been used in project 112771185295 before or it is disabled. Enable it by visiting https://console.developers.google.com/apis/api/compute.googleapis.com/overview?project=112771185295 then retry. If you enabled this API recently, wait a few minutes for the action to propagate to our systems and retry.","status":403}
[debug] [2025-11-24T09:43:01.221Z] Checked if tokens are valid: true, expires at: 1763980779801
[debug] [2025-11-24T09:43:01.221Z] Checked if tokens are valid: true, expires at: 1763980779801
[debug] [2025-11-24T09:43:01.221Z] >>> [apiv2][query] GET https://compute.googleapis.com/compute/v1/projects/112771185295 [none]
[debug] [2025-11-24T09:43:01.854Z] <<< [apiv2][status] GET https://compute.googleapis.com/compute/v1/projects/112771185295 403
[debug] [2025-11-24T09:43:01.855Z] <<< [apiv2][body] GET https://compute.googleapis.com/compute/v1/projects/112771185295 {"error":{"code":403,"message":"Compute Engine API has not been used in project 112771185295 before or it is disabled. Enable it by visiting https://console.developers.google.com/apis/api/compute.googleapis.com/overview?project=112771185295 then retry. If you enabled this API recently, wait a few minutes for the action to propagate to our systems and retry.","errors":[{"message":"Compute Engine API has not been used in project 112771185295 before or it is disabled. Enable it by visiting https://console.developers.google.com/apis/api/compute.googleapis.com/overview?project=112771185295 then retry. If you enabled this API recently, wait a few minutes for the action to propagate to our systems and retry.","domain":"usageLimits","reason":"accessNotConfigured","extendedHelp":"https://console.developers.google.com"}],"status":"PERMISSION_DENIED","details":[{"@type":"type.googleapis.com/google.rpc.ErrorInfo","reason":"SERVICE_DISABLED","domain":"googleapis.com","metadata":{"containerInfo":"112771185295","serviceTitle":"Compute Engine API","consumer":"projects/112771185295","service":"compute.googleapis.com","activationUrl":"https://console.developers.google.com/apis/api/compute.googleapis.com/overview?project=112771185295"}},{"@type":"type.googleapis.com/google.rpc.LocalizedMessage","locale":"en-US","message":"Compute Engine API has not been used in project 112771185295 before or it is disabled. Enable it by visiting https://console.developers.google.com/apis/api/compute.googleapis.com/overview?project=112771185295 then retry. If you enabled this API recently, wait a few minutes for the action to propagate to our systems and retry."},{"@type":"type.googleapis.com/google.rpc.Help","links":[{"description":"Google developers console API activation","url":"https://console.developers.google.com/apis/api/compute.googleapis.com/overview?project=112771185295"}]}]}}
[debug] [2025-11-24T09:43:01.856Z] unable to look up default compute service account. Falling back to 112771185295-compute@developer.gserviceaccount.com. Error: {"name":"FirebaseError","children":[],"context":{"body":{"error":{"code":403,"message":"Compute Engine API has not been used in project 112771185295 before or it is disabled. Enable it by visiting https://console.developers.google.com/apis/api/compute.googleapis.com/overview?project=112771185295 then retry. If you enabled this API recently, wait a few minutes for the action to propagate to our systems and retry.","errors":[{"message":"Compute Engine API has not been used in project 112771185295 before or it is disabled. Enable it by visiting https://console.developers.google.com/apis/api/compute.googleapis.com/overview?project=112771185295 then retry. If you enabled this API recently, wait a few minutes for the action to propagate to our systems and retry.","domain":"usageLimits","reason":"accessNotConfigured","extendedHelp":"https://console.developers.google.com"}],"status":"PERMISSION_DENIED","details":[{"@type":"type.googleapis.com/google.rpc.ErrorInfo","reason":"SERVICE_DISABLED","domain":"googleapis.com","metadata":{"containerInfo":"112771185295","serviceTitle":"Compute Engine API","consumer":"projects/112771185295","service":"compute.googleapis.com","activationUrl":"https://console.developers.google.com/apis/api/compute.googleapis.com/overview?project=112771185295"}},{"@type":"type.googleapis.com/google.rpc.LocalizedMessage","locale":"en-US","message":"Compute Engine API has not been used in project 112771185295 before or it is disabled. Enable it by visiting https://console.developers.google.com/apis/api/compute.googleapis.com/overview?project=112771185295 then retry. If you enabled this API recently, wait a few minutes for the action to propagate to our systems and retry."},{"@type":"type.googleapis.com/google.rpc.Help","links":[{"description":"Google developers console API activation","url":"https://console.developers.google.com/apis/api/compute.googleapis.com/overview?project=112771185295"}]}]}},"response":{"statusCode":403}},"exit":1,"message":"Request to https://compute.googleapis.com/compute/v1/projects/112771185295 had HTTP Error: 403, Compute Engine API has not been used in project 112771185295 before or it is disabled. Enable it by visiting https://console.developers.google.com/apis/api/compute.googleapis.com/overview?project=112771185295 then retry. If you enabled this API recently, wait a few minutes for the action to propagate to our systems and retry.","status":403}
[debug] [2025-11-24T09:43:01.856Z] Checked if tokens are valid: true, expires at: 1763980779801
[debug] [2025-11-24T09:43:01.857Z] Checked if tokens are valid: true, expires at: 1763980779801
[debug] [2025-11-24T09:43:01.859Z] >>> [apiv2][query] GET https://compute.googleapis.com/compute/v1/projects/112771185295 [none]
[debug] [2025-11-24T09:43:02.516Z] <<< [apiv2][status] GET https://compute.googleapis.com/compute/v1/projects/112771185295 403
[debug] [2025-11-24T09:43:02.517Z] <<< [apiv2][body] GET https://compute.googleapis.com/compute/v1/projects/112771185295 {"error":{"code":403,"message":"Compute Engine API has not been used in project 112771185295 before or it is disabled. Enable it by visiting https://console.developers.google.com/apis/api/compute.googleapis.com/overview?project=112771185295 then retry. If you enabled this API recently, wait a few minutes for the action to propagate to our systems and retry.","errors":[{"message":"Compute Engine API has not been used in project 112771185295 before or it is disabled. Enable it by visiting https://console.developers.google.com/apis/api/compute.googleapis.com/overview?project=112771185295 then retry. If you enabled this API recently, wait a few minutes for the action to propagate to our systems and retry.","domain":"usageLimits","reason":"accessNotConfigured","extendedHelp":"https://console.developers.google.com"}],"status":"PERMISSION_DENIED","details":[{"@type":"type.googleapis.com/google.rpc.ErrorInfo","reason":"SERVICE_DISABLED","domain":"googleapis.com","metadata":{"containerInfo":"112771185295","service":"compute.googleapis.com","consumer":"projects/112771185295","activationUrl":"https://console.developers.google.com/apis/api/compute.googleapis.com/overview?project=112771185295","serviceTitle":"Compute Engine API"}},{"@type":"type.googleapis.com/google.rpc.LocalizedMessage","locale":"en-US","message":"Compute Engine API has not been used in project 112771185295 before or it is disabled. Enable it by visiting https://console.developers.google.com/apis/api/compute.googleapis.com/overview?project=112771185295 then retry. If you enabled this API recently, wait a few minutes for the action to propagate to our systems and retry."},{"@type":"type.googleapis.com/google.rpc.Help","links":[{"description":"Google developers console API activation","url":"https://console.developers.google.com/apis/api/compute.googleapis.com/overview?project=112771185295"}]}]}}
[debug] [2025-11-24T09:43:02.517Z] unable to look up default compute service account. Falling back to 112771185295-compute@developer.gserviceaccount.com. Error: {"name":"FirebaseError","children":[],"context":{"body":{"error":{"code":403,"message":"Compute Engine API has not been used in project 112771185295 before or it is disabled. Enable it by visiting https://console.developers.google.com/apis/api/compute.googleapis.com/overview?project=112771185295 then retry. If you enabled this API recently, wait a few minutes for the action to propagate to our systems and retry.","errors":[{"message":"Compute Engine API has not been used in project 112771185295 before or it is disabled. Enable it by visiting https://console.developers.google.com/apis/api/compute.googleapis.com/overview?project=112771185295 then retry. If you enabled this API recently, wait a few minutes for the action to propagate to our systems and retry.","domain":"usageLimits","reason":"accessNotConfigured","extendedHelp":"https://console.developers.google.com"}],"status":"PERMISSION_DENIED","details":[{"@type":"type.googleapis.com/google.rpc.ErrorInfo","reason":"SERVICE_DISABLED","domain":"googleapis.com","metadata":{"containerInfo":"112771185295","service":"compute.googleapis.com","consumer":"projects/112771185295","activationUrl":"https://console.developers.google.com/apis/api/compute.googleapis.com/overview?project=112771185295","serviceTitle":"Compute Engine API"}},{"@type":"type.googleapis.com/google.rpc.LocalizedMessage","locale":"en-US","message":"Compute Engine API has not been used in project 112771185295 before or it is disabled. Enable it by visiting https://console.developers.google.com/apis/api/compute.googleapis.com/overview?project=112771185295 then retry. If you enabled this API recently, wait a few minutes for the action to propagate to our systems and retry."},{"@type":"type.googleapis.com/google.rpc.Help","links":[{"description":"Google developers console API activation","url":"https://console.developers.google.com/apis/api/compute.googleapis.com/overview?project=112771185295"}]}]}},"response":{"statusCode":403}},"exit":1,"message":"Request to https://compute.googleapis.com/compute/v1/projects/112771185295 had HTTP Error: 403, Compute Engine API has not been used in project 112771185295 before or it is disabled. Enable it by visiting https://console.developers.google.com/apis/api/compute.googleapis.com/overview?project=112771185295 then retry. If you enabled this API recently, wait a few minutes for the action to propagate to our systems and retry.","status":403}
[debug] [2025-11-24T09:43:02.518Z] Checked if tokens are valid: true, expires at: 1763980779801
[debug] [2025-11-24T09:43:02.518Z] Checked if tokens are valid: true, expires at: 1763980779801
[debug] [2025-11-24T09:43:02.518Z] >>> [apiv2][query] GET https://compute.googleapis.com/compute/v1/projects/112771185295 [none]
[debug] [2025-11-24T09:43:02.844Z] <<< [apiv2][status] GET https://compute.googleapis.com/compute/v1/projects/112771185295 403
[debug] [2025-11-24T09:43:02.845Z] <<< [apiv2][body] GET https://compute.googleapis.com/compute/v1/projects/112771185295 {"error":{"code":403,"message":"Compute Engine API has not been used in project 112771185295 before or it is disabled. Enable it by visiting https://console.developers.google.com/apis/api/compute.googleapis.com/overview?project=112771185295 then retry. If you enabled this API recently, wait a few minutes for the action to propagate to our systems and retry.","errors":[{"message":"Compute Engine API has not been used in project 112771185295 before or it is disabled. Enable it by visiting https://console.developers.google.com/apis/api/compute.googleapis.com/overview?project=112771185295 then retry. If you enabled this API recently, wait a few minutes for the action to propagate to our systems and retry.","domain":"usageLimits","reason":"accessNotConfigured","extendedHelp":"https://console.developers.google.com"}],"status":"PERMISSION_DENIED","details":[{"@type":"type.googleapis.com/google.rpc.ErrorInfo","reason":"SERVICE_DISABLED","domain":"googleapis.com","metadata":{"containerInfo":"112771185295","activationUrl":"https://console.developers.google.com/apis/api/compute.googleapis.com/overview?project=112771185295","serviceTitle":"Compute Engine API","service":"compute.googleapis.com","consumer":"projects/112771185295"}},{"@type":"type.googleapis.com/google.rpc.LocalizedMessage","locale":"en-US","message":"Compute Engine API has not been used in project 112771185295 before or it is disabled. Enable it by visiting https://console.developers.google.com/apis/api/compute.googleapis.com/overview?project=112771185295 then retry. If you enabled this API recently, wait a few minutes for the action to propagate to our systems and retry."},{"@type":"type.googleapis.com/google.rpc.Help","links":[{"description":"Google developers console API activation","url":"https://console.developers.google.com/apis/api/compute.googleapis.com/overview?project=112771185295"}]}]}}
[debug] [2025-11-24T09:43:02.846Z] unable to look up default compute service account. Falling back to 112771185295-compute@developer.gserviceaccount.com. Error: {"name":"FirebaseError","children":[],"context":{"body":{"error":{"code":403,"message":"Compute Engine API has not been used in project 112771185295 before or it is disabled. Enable it by visiting https://console.developers.google.com/apis/api/compute.googleapis.com/overview?project=112771185295 then retry. If you enabled this API recently, wait a few minutes for the action to propagate to our systems and retry.","errors":[{"message":"Compute Engine API has not been used in project 112771185295 before or it is disabled. Enable it by visiting https://console.developers.google.com/apis/api/compute.googleapis.com/overview?project=112771185295 then retry. If you enabled this API recently, wait a few minutes for the action to propagate to our systems and retry.","domain":"usageLimits","reason":"accessNotConfigured","extendedHelp":"https://console.developers.google.com"}],"status":"PERMISSION_DENIED","details":[{"@type":"type.googleapis.com/google.rpc.ErrorInfo","reason":"SERVICE_DISABLED","domain":"googleapis.com","metadata":{"containerInfo":"112771185295","activationUrl":"https://console.developers.google.com/apis/api/compute.googleapis.com/overview?project=112771185295","serviceTitle":"Compute Engine API","service":"compute.googleapis.com","consumer":"projects/112771185295"}},{"@type":"type.googleapis.com/google.rpc.LocalizedMessage","locale":"en-US","message":"Compute Engine API has not been used in project 112771185295 before or it is disabled. Enable it by visiting https://console.developers.google.com/apis/api/compute.googleapis.com/overview?project=112771185295 then retry. If you enabled this API recently, wait a few minutes for the action to propagate to our systems and retry."},{"@type":"type.googleapis.com/google.rpc.Help","links":[{"description":"Google developers console API activation","url":"https://console.developers.google.com/apis/api/compute.googleapis.com/overview?project=112771185295"}]}]}},"response":{"statusCode":403}},"exit":1,"message":"Request to https://compute.googleapis.com/compute/v1/projects/112771185295 had HTTP Error: 403, Compute Engine API has not been used in project 112771185295 before or it is disabled. Enable it by visiting https://console.developers.google.com/apis/api/compute.googleapis.com/overview?project=112771185295 then retry. If you enabled this API recently, wait a few minutes for the action to propagate to our systems and retry.","status":403}
[debug] [2025-11-24T09:43:02.850Z] Checked if tokens are valid: true, expires at: 1763980779801
[debug] [2025-11-24T09:43:02.850Z] Checked if tokens are valid: true, expires at: 1763980779801
[debug] [2025-11-24T09:43:02.851Z] >>> [apiv2][query] GET https://cloudbilling.googleapis.com/v1/projects/dangdangsalon-4b2a0/billingInfo [none]
[debug] [2025-11-24T09:43:03.536Z] <<< [apiv2][status] GET https://cloudbilling.googleapis.com/v1/projects/dangdangsalon-4b2a0/billingInfo 200
[debug] [2025-11-24T09:43:03.536Z] <<< [apiv2][body] GET https://cloudbilling.googleapis.com/v1/projects/dangdangsalon-4b2a0/billingInfo {"name":"projects/dangdangsalon-4b2a0/billingInfo","projectId":"dangdangsalon-4b2a0","billingAccountName":"billingAccounts/0180FD-BCEEAD-5CB0A5","billingEnabled":true}
[debug] [2025-11-24T09:43:03.540Z] Checked if tokens are valid: true, expires at: 1763980779801
[debug] [2025-11-24T09:43:03.540Z] Checked if tokens are valid: true, expires at: 1763980779801
[debug] [2025-11-24T09:43:03.540Z] >>> [apiv2][query] POST https://cloudfunctions.googleapis.com/v2/projects/dangdangsalon-4b2a0/locations/us-central1/functions:generateUploadUrl [none]
[debug] [2025-11-24T09:43:05.062Z] <<< [apiv2][status] POST https://cloudfunctions.googleapis.com/v2/projects/dangdangsalon-4b2a0/locations/us-central1/functions:generateUploadUrl 200
[debug] [2025-11-24T09:43:05.062Z] <<< [apiv2][body] POST https://cloudfunctions.googleapis.com/v2/projects/dangdangsalon-4b2a0/locations/us-central1/functions:generateUploadUrl {"uploadUrl":"https://storage.googleapis.com/gcf-v2-uploads-112771185295.us-central1.cloudfunctions.appspot.com/1867809e-19b6-469c-806e-5f8bc4b4bbd3.zip?GoogleAccessId=service-112771185295@gcf-admin-robot.iam.gserviceaccount.com&Expires=1763979185&Signature=B1pNPUt58Pdj2CtA%2F0LEHlYt7SLguMHJ%2B1QMIyNtUmP5uLh7apcxqhhLfFnjRhVkliBGmpKgf7Mvtj%2FbSru7UjAdvlfAmccmN57YB4rd2CSEmUEoJOLHJPEHLpG5Hyy2aj9fa%2BTl5I0ISrd3JD9heP%2BxNYIspCsy9ryxRXBdN9lZFKhI2HzX4Lsu8RBckqeMRdiK82e5ONW%2FQTu%2B%2FFzW5NY2j4UUku5nxKSKyTr05uoqmxpxzVuqItfuZ0FZY0OFXQ9QQ9SyBCx2v%2B0EvWdK%2Bp0JoDcpommOU1UYTLMHqiUb1mQDFFHgrCvWXReF6ZHj%2FF3RV890VRdjS8eaU%2BIVFg%3D%3D","storageSource":{"bucket":"gcf-v2-uploads-112771185295.us-central1.cloudfunctions.appspot.com","object":"1867809e-19b6-469c-806e-5f8bc4b4bbd3.zip"}}
[debug] [2025-11-24T09:43:05.065Z] >>> [apiv2][query] PUT https://storage.googleapis.com/gcf-v2-uploads-112771185295.us-central1.cloudfunctions.appspot.com/1867809e-19b6-469c-806e-5f8bc4b4bbd3.zip GoogleAccessId=service-112771185295%40gcf-admin-robot.iam.gserviceaccount.com&Expires=1763979185&Signature=B1pNPUt58Pdj2CtA%2F0LEHlYt7SLguMHJ%2B1QMIyNtUmP5uLh7apcxqhhLfFnjRhVkliBGmpKgf7Mvtj%2FbSru7UjAdvlfAmccmN57YB4rd2CSEmUEoJOLHJPEHLpG5Hyy2aj9fa%2BTl5I0ISrd3JD9heP%2BxNYIspCsy9ryxRXBdN9lZFKhI2HzX4Lsu8RBckqeMRdiK82e5ONW%2FQTu%2B%2FFzW5NY2j4UUku5nxKSKyTr05uoqmxpxzVuqItfuZ0FZY0OFXQ9QQ9SyBCx2v%2B0EvWdK%2Bp0JoDcpommOU1UYTLMHqiUb1mQDFFHgrCvWXReF6ZHj%2FF3RV890VRdjS8eaU%2BIVFg%3D%3D
[debug] [2025-11-24T09:43:05.066Z] >>> [apiv2][body] PUT https://storage.googleapis.com/gcf-v2-uploads-112771185295.us-central1.cloudfunctions.appspot.com/1867809e-19b6-469c-806e-5f8bc4b4bbd3.zip [stream]
[debug] [2025-11-24T09:43:06.014Z] <<< [apiv2][status] PUT https://storage.googleapis.com/gcf-v2-uploads-112771185295.us-central1.cloudfunctions.appspot.com/1867809e-19b6-469c-806e-5f8bc4b4bbd3.zip 200
[debug] [2025-11-24T09:43:06.015Z] <<< [apiv2][body] PUT https://storage.googleapis.com/gcf-v2-uploads-112771185295.us-central1.cloudfunctions.appspot.com/1867809e-19b6-469c-806e-5f8bc4b4bbd3.zip [omitted]
[info]   functions: functions folder uploaded successfully 
[info] i  functions: updating Node.js 22 (2nd Gen) function onReviewCreated(us-central1)... 
[info] i  functions: updating Node.js 22 (2nd Gen) function sendReservationStatusNotification(us-central1)... 
[info] i  functions: updating Node.js 22 (2nd Gen) function sendNewReservationNotification(us-central1)... 
[info] i  functions: updating Node.js 22 (2nd Gen) function sendOwnerCancelNotification(us-central1)... 
[debug] [2025-11-24T09:43:06.040Z] Checked if tokens are valid: true, expires at: 1763980779801
[debug] [2025-11-24T09:43:06.040Z] Checked if tokens are valid: true, expires at: 1763980779801
[debug] [2025-11-24T09:43:06.040Z] >>> [apiv2][query] PATCH https://cloudfunctions.googleapis.com/v2/projects/dangdangsalon-4b2a0/locations/us-central1/functions/onReviewCreated updateMask=name%2CbuildConfig.runtime%2CbuildConfig.entryPoint%2CbuildConfig.source.storageSource.bucket%2CbuildConfig.source.storageSource.object%2CbuildConfig.environmentVariables%2CbuildConfig.sourceToken%2CserviceConfig.environmentVariables%2CserviceConfig.ingressSettings%2CserviceConfig.timeoutSeconds%2CserviceConfig.serviceAccountEmail%2CserviceConfig.availableMemory%2CserviceConfig.minInstanceCount%2CserviceConfig.maxInstanceCount%2CserviceConfig.maxInstanceRequestConcurrency%2CserviceConfig.availableCpu%2CserviceConfig.vpcConnector%2CserviceConfig.vpcConnectorEgressSettings%2Clabels%2CeventTrigger.eventType%2CeventTrigger.retryPolicy%2CeventTrigger.eventFilters%2CeventTrigger.triggerRegion
[debug] [2025-11-24T09:43:06.041Z] >>> [apiv2][body] PATCH https://cloudfunctions.googleapis.com/v2/projects/dangdangsalon-4b2a0/locations/us-central1/functions/onReviewCreated {"name":"projects/dangdangsalon-4b2a0/locations/us-central1/functions/onReviewCreated","buildConfig":{"runtime":"nodejs22","entryPoint":"onReviewCreated","source":{"storageSource":{"bucket":"gcf-v2-uploads-112771185295.us-central1.cloudfunctions.appspot.com","object":"1867809e-19b6-469c-806e-5f8bc4b4bbd3.zip"}},"environmentVariables":{"GOOGLE_NODE_RUN_SCRIPTS":""}},"serviceConfig":{"environmentVariables":{"FIREBASE_CONFIG":"{\"projectId\":\"dangdangsalon-4b2a0\",\"storageBucket\":\"dangdangsalon-4b2a0.firebasestorage.app\"}","GCLOUD_PROJECT":"dangdangsalon-4b2a0","EVENTARC_CLOUD_EVENT_SOURCE":"projects/dangdangsalon-4b2a0/locations/us-central1/services/onReviewCreated","FUNCTION_SIGNATURE_TYPE":"cloudevent","FUNCTION_TARGET":"onReviewCreated","LOG_EXECUTION_ID":"true"},"ingressSettings":null,"timeoutSeconds":null,"serviceAccountEmail":null,"availableMemory":"256Mi","minInstanceCount":null,"maxInstanceCount":null,"maxInstanceRequestConcurrency":80,"availableCpu":"1","vpcConnector":null,"vpcConnectorEgressSettings":null},"labels":{"deployment-tool":"cli-firebase","firebase-functions-hash":"df367083401970200236971b9a64761c05c8a43c"},"eventTrigger":{"eventType":"google.cloud.firestore.document.v1.written","retryPolicy":"RETRY_POLICY_DO_NOT_RETRY","eventFilters":[{"attribute":"database","value":"(default)"},{"attribute":"namespace","value":"(default)"},{"attribute":"document","value":"shops/{shopId}/reviews/{reviewId}","operator":"match-path-pattern"}],"triggerRegion":"nam5"}}
[debug] [2025-11-24T09:43:08.252Z] <<< [apiv2][status] PATCH https://cloudfunctions.googleapis.com/v2/projects/dangdangsalon-4b2a0/locations/us-central1/functions/onReviewCreated 200
[debug] [2025-11-24T09:43:08.253Z] <<< [apiv2][body] PATCH https://cloudfunctions.googleapis.com/v2/projects/dangdangsalon-4b2a0/locations/us-central1/functions/onReviewCreated {"name":"projects/dangdangsalon-4b2a0/locations/us-central1/operations/operation-1763977387105-64453fd8cdb93-106196d5-890dbf34","metadata":{"@type":"type.googleapis.com/google.cloud.functions.v2.OperationMetadata","createTime":"2025-11-24T09:43:08.167431132Z","target":"projects/dangdangsalon-4b2a0/locations/us-central1/functions/onReviewCreated","verb":"update","cancelRequested":false,"apiVersion":"v2"},"done":false}
[debug] [2025-11-24T09:43:08.255Z] Checked if tokens are valid: true, expires at: 1763980779801
[debug] [2025-11-24T09:43:08.255Z] Checked if tokens are valid: true, expires at: 1763980779801
[debug] [2025-11-24T09:43:08.256Z] >>> [apiv2][query] GET https://cloudfunctions.googleapis.com/v2/projects/dangdangsalon-4b2a0/locations/us-central1/operations/operation-1763977387105-64453fd8cdb93-106196d5-890dbf34 [none]
[debug] [2025-11-24T09:43:09.534Z] <<< [apiv2][status] GET https://cloudfunctions.googleapis.com/v2/projects/dangdangsalon-4b2a0/locations/us-central1/operations/operation-1763977387105-64453fd8cdb93-106196d5-890dbf34 200
[debug] [2025-11-24T09:43:09.535Z] <<< [apiv2][body] GET https://cloudfunctions.googleapis.com/v2/projects/dangdangsalon-4b2a0/locations/us-central1/operations/operation-1763977387105-64453fd8cdb93-106196d5-890dbf34 {"name":"projects/dangdangsalon-4b2a0/locations/us-central1/operations/operation-1763977387105-64453fd8cdb93-106196d5-890dbf34","metadata":{"@type":"type.googleapis.com/google.cloud.functions.v2.OperationMetadata","createTime":"2025-11-24T09:43:08.167431132Z","target":"projects/dangdangsalon-4b2a0/locations/us-central1/functions/onReviewCreated","verb":"update","cancelRequested":false,"apiVersion":"v2","requestResource":{"@type":"type.googleapis.com/google.cloud.functions.v2.Function","name":"projects/dangdangsalon-4b2a0/locations/us-central1/functions/onReviewCreated","buildConfig":{"runtime":"nodejs22","entryPoint":"onReviewCreated","source":{"storageSource":{"bucket":"gcf-v2-sources-112771185295-us-central1","object":"onReviewCreated/function-source.zip","generation":"1763977388081814"}},"environmentVariables":{"GOOGLE_NODE_RUN_SCRIPTS":""},"dockerRepository":"projects/dangdangsalon-4b2a0/locations/us-central1/repositories/gcf-artifacts","sourceProvenance":{"resolvedStorageSource":{"bucket":"gcf-v2-sources-112771185295-us-central1","object":"onReviewCreated/function-source.zip","generation":"1763567326418114"}},"dockerRegistry":"ARTIFACT_REGISTRY","serviceAccount":"projects/dangdangsalon-4b2a0/serviceAccounts/112771185295-compute@developer.gserviceaccount.com","automaticUpdatePolicy":{}},"serviceConfig":{"service":"projects/dangdangsalon-4b2a0/locations/us-central1/services/onreviewcreated","timeoutSeconds":60,"environmentVariables":{"FIREBASE_CONFIG":"{\"projectId\":\"dangdangsalon-4b2a0\",\"storageBucket\":\"dangdangsalon-4b2a0.firebasestorage.app\"}","GCLOUD_PROJECT":"dangdangsalon-4b2a0","EVENTARC_CLOUD_EVENT_SOURCE":"projects/dangdangsalon-4b2a0/locations/us-central1/services/onReviewCreated","FUNCTION_SIGNATURE_TYPE":"cloudevent","FUNCTION_TARGET":"onReviewCreated","LOG_EXECUTION_ID":"true"},"ingressSettings":"ALLOW_ALL","uri":"https://onreviewcreated-4itvt5lbka-uc.a.run.app","serviceAccountEmail":"112771185295-compute@developer.gserviceaccount.com","availableMemory":"256Mi","allTrafficOnLatestRevision":true,"revision":"onreviewcreated-00008-mek","maxInstanceRequestConcurrency":80,"availableCpu":"1"},"eventTrigger":{"trigger":"projects/dangdangsalon-4b2a0/locations/nam5/triggers/onreviewcreated-160695","triggerRegion":"nam5","eventType":"google.cloud.firestore.document.v1.written","eventFilters":[{"attribute":"database","value":"(default)"},{"attribute":"namespace","value":"(default)"},{"attribute":"document","value":"shops/{shopId}/reviews/{reviewId}","operator":"match-path-pattern"}],"pubsubTopic":"projects/dangdangsalon-4b2a0/topics/eventarc-nam5-onreviewcreated-160695-316","serviceAccountEmail":"112771185295-compute@developer.gserviceaccount.com","retryPolicy":"RETRY_POLICY_DO_NOT_RETRY"},"state":"ACTIVE","labels":{"deployment-tool":"cli-firebase","firebase-functions-hash":"df367083401970200236971b9a64761c05c8a43c"},"environment":"GEN_2","url":"https://us-central1-dangdangsalon-4b2a0.cloudfunctions.net/onReviewCreated","satisfiesPzi":true},"stages":[{"name":"BUILD","message":"Build in progress","state":"IN_PROGRESS","resource":"projects/112771185295/locations/us-central1/builds/a5311a7c-467e-4a8d-adc1-96178e7b19c0","resourceUri":"https://console.cloud.google.com/cloud-build/builds;region=us-central1/a5311a7c-467e-4a8d-adc1-96178e7b19c0?project=112771185295"},{"name":"SERVICE","state":"NOT_STARTED"},{"name":"TRIGGER","state":"NOT_STARTED"}],"operationType":"UPDATE_FUNCTION","buildName":"projects/112771185295/locations/us-central1/builds/a5311a7c-467e-4a8d-adc1-96178e7b19c0"},"done":false}
[debug] [2025-11-24T09:43:10.039Z] [update-default-us-central1-onReviewCreated] Retrying task index 0
[debug] [2025-11-24T09:43:10.046Z] Checked if tokens are valid: true, expires at: 1763980779801
[debug] [2025-11-24T09:43:10.046Z] Checked if tokens are valid: true, expires at: 1763980779801
[debug] [2025-11-24T09:43:10.047Z] >>> [apiv2][query] GET https://cloudfunctions.googleapis.com/v2/projects/dangdangsalon-4b2a0/locations/us-central1/operations/operation-1763977387105-64453fd8cdb93-106196d5-890dbf34 [none]
[debug] [2025-11-24T09:43:11.209Z] <<< [apiv2][status] GET https://cloudfunctions.googleapis.com/v2/projects/dangdangsalon-4b2a0/locations/us-central1/operations/operation-1763977387105-64453fd8cdb93-106196d5-890dbf34 200
[debug] [2025-11-24T09:43:11.209Z] <<< [apiv2][body] GET https://cloudfunctions.googleapis.com/v2/projects/dangdangsalon-4b2a0/locations/us-central1/operations/operation-1763977387105-64453fd8cdb93-106196d5-890dbf34 {"name":"projects/dangdangsalon-4b2a0/locations/us-central1/operations/operation-1763977387105-64453fd8cdb93-106196d5-890dbf34","metadata":{"@type":"type.googleapis.com/google.cloud.functions.v2.OperationMetadata","createTime":"2025-11-24T09:43:08.167431132Z","target":"projects/dangdangsalon-4b2a0/locations/us-central1/functions/onReviewCreated","verb":"update","cancelRequested":false,"apiVersion":"v2","requestResource":{"@type":"type.googleapis.com/google.cloud.functions.v2.Function","name":"projects/dangdangsalon-4b2a0/locations/us-central1/functions/onReviewCreated","buildConfig":{"runtime":"nodejs22","entryPoint":"onReviewCreated","source":{"storageSource":{"bucket":"gcf-v2-sources-112771185295-us-central1","object":"onReviewCreated/function-source.zip","generation":"1763977388081814"}},"environmentVariables":{"GOOGLE_NODE_RUN_SCRIPTS":""},"dockerRepository":"projects/dangdangsalon-4b2a0/locations/us-central1/repositories/gcf-artifacts","sourceProvenance":{"resolvedStorageSource":{"bucket":"gcf-v2-sources-112771185295-us-central1","object":"onReviewCreated/function-source.zip","generation":"1763567326418114"}},"dockerRegistry":"ARTIFACT_REGISTRY","serviceAccount":"projects/dangdangsalon-4b2a0/serviceAccounts/112771185295-compute@developer.gserviceaccount.com","automaticUpdatePolicy":{}},"serviceConfig":{"service":"projects/dangdangsalon-4b2a0/locations/us-central1/services/onreviewcreated","timeoutSeconds":60,"environmentVariables":{"FIREBASE_CONFIG":"{\"projectId\":\"dangdangsalon-4b2a0\",\"storageBucket\":\"dangdangsalon-4b2a0.firebasestorage.app\"}","GCLOUD_PROJECT":"dangdangsalon-4b2a0","EVENTARC_CLOUD_EVENT_SOURCE":"projects/dangdangsalon-4b2a0/locations/us-central1/services/onReviewCreated","FUNCTION_SIGNATURE_TYPE":"cloudevent","FUNCTION_TARGET":"onReviewCreated","LOG_EXECUTION_ID":"true"},"ingressSettings":"ALLOW_ALL","uri":"https://onreviewcreated-4itvt5lbka-uc.a.run.app","serviceAccountEmail":"112771185295-compute@developer.gserviceaccount.com","availableMemory":"256Mi","allTrafficOnLatestRevision":true,"revision":"onreviewcreated-00008-mek","maxInstanceRequestConcurrency":80,"availableCpu":"1"},"eventTrigger":{"trigger":"projects/dangdangsalon-4b2a0/locations/nam5/triggers/onreviewcreated-160695","triggerRegion":"nam5","eventType":"google.cloud.firestore.document.v1.written","eventFilters":[{"attribute":"database","value":"(default)"},{"attribute":"namespace","value":"(default)"},{"attribute":"document","value":"shops/{shopId}/reviews/{reviewId}","operator":"match-path-pattern"}],"pubsubTopic":"projects/dangdangsalon-4b2a0/topics/eventarc-nam5-onreviewcreated-160695-316","serviceAccountEmail":"112771185295-compute@developer.gserviceaccount.com","retryPolicy":"RETRY_POLICY_DO_NOT_RETRY"},"state":"ACTIVE","labels":{"deployment-tool":"cli-firebase","firebase-functions-hash":"df367083401970200236971b9a64761c05c8a43c"},"environment":"GEN_2","url":"https://us-central1-dangdangsalon-4b2a0.cloudfunctions.net/onReviewCreated","satisfiesPzi":true},"stages":[{"name":"BUILD","message":"Build in progress","state":"IN_PROGRESS","resource":"projects/112771185295/locations/us-central1/builds/a5311a7c-467e-4a8d-adc1-96178e7b19c0","resourceUri":"https://console.cloud.google.com/cloud-build/builds;region=us-central1/a5311a7c-467e-4a8d-adc1-96178e7b19c0?project=112771185295"},{"name":"SERVICE","state":"NOT_STARTED"},{"name":"TRIGGER","state":"NOT_STARTED"}],"operationType":"UPDATE_FUNCTION","buildName":"projects/112771185295/locations/us-central1/builds/a5311a7c-467e-4a8d-adc1-96178e7b19c0"},"done":false}
[debug] [2025-11-24T09:43:12.211Z] [update-default-us-central1-onReviewCreated] Retrying task index 0
[debug] [2025-11-24T09:43:12.212Z] Checked if tokens are valid: true, expires at: 1763980779801
[debug] [2025-11-24T09:43:12.212Z] Checked if tokens are valid: true, expires at: 1763980779801
[debug] [2025-11-24T09:43:12.213Z] >>> [apiv2][query] GET https://cloudfunctions.googleapis.com/v2/projects/dangdangsalon-4b2a0/locations/us-central1/operations/operation-1763977387105-64453fd8cdb93-106196d5-890dbf34 [none]
[debug] [2025-11-24T09:43:13.417Z] <<< [apiv2][status] GET https://cloudfunctions.googleapis.com/v2/projects/dangdangsalon-4b2a0/locations/us-central1/operations/operation-1763977387105-64453fd8cdb93-106196d5-890dbf34 200
[debug] [2025-11-24T09:43:13.418Z] <<< [apiv2][body] GET https://cloudfunctions.googleapis.com/v2/projects/dangdangsalon-4b2a0/locations/us-central1/operations/operation-1763977387105-64453fd8cdb93-106196d5-890dbf34 {"name":"projects/dangdangsalon-4b2a0/locations/us-central1/operations/operation-1763977387105-64453fd8cdb93-106196d5-890dbf34","metadata":{"@type":"type.googleapis.com/google.cloud.functions.v2.OperationMetadata","createTime":"2025-11-24T09:43:08.167431132Z","target":"projects/dangdangsalon-4b2a0/locations/us-central1/functions/onReviewCreated","verb":"update","cancelRequested":false,"apiVersion":"v2","requestResource":{"@type":"type.googleapis.com/google.cloud.functions.v2.Function","name":"projects/dangdangsalon-4b2a0/locations/us-central1/functions/onReviewCreated","buildConfig":{"runtime":"nodejs22","entryPoint":"onReviewCreated","source":{"storageSource":{"bucket":"gcf-v2-sources-112771185295-us-central1","object":"onReviewCreated/function-source.zip","generation":"1763977388081814"}},"environmentVariables":{"GOOGLE_NODE_RUN_SCRIPTS":""},"dockerRepository":"projects/dangdangsalon-4b2a0/locations/us-central1/repositories/gcf-artifacts","sourceProvenance":{"resolvedStorageSource":{"bucket":"gcf-v2-sources-112771185295-us-central1","object":"onReviewCreated/function-source.zip","generation":"1763567326418114"}},"dockerRegistry":"ARTIFACT_REGISTRY","serviceAccount":"projects/dangdangsalon-4b2a0/serviceAccounts/112771185295-compute@developer.gserviceaccount.com","automaticUpdatePolicy":{}},"serviceConfig":{"service":"projects/dangdangsalon-4b2a0/locations/us-central1/services/onreviewcreated","timeoutSeconds":60,"environmentVariables":{"FIREBASE_CONFIG":"{\"projectId\":\"dangdangsalon-4b2a0\",\"storageBucket\":\"dangdangsalon-4b2a0.firebasestorage.app\"}","GCLOUD_PROJECT":"dangdangsalon-4b2a0","EVENTARC_CLOUD_EVENT_SOURCE":"projects/dangdangsalon-4b2a0/locations/us-central1/services/onReviewCreated","FUNCTION_SIGNATURE_TYPE":"cloudevent","FUNCTION_TARGET":"onReviewCreated","LOG_EXECUTION_ID":"true"},"ingressSettings":"ALLOW_ALL","uri":"https://onreviewcreated-4itvt5lbka-uc.a.run.app","serviceAccountEmail":"112771185295-compute@developer.gserviceaccount.com","availableMemory":"256Mi","allTrafficOnLatestRevision":true,"revision":"onreviewcreated-00008-mek","maxInstanceRequestConcurrency":80,"availableCpu":"1"},"eventTrigger":{"trigger":"projects/dangdangsalon-4b2a0/locations/nam5/triggers/onreviewcreated-160695","triggerRegion":"nam5","eventType":"google.cloud.firestore.document.v1.written","eventFilters":[{"attribute":"database","value":"(default)"},{"attribute":"namespace","value":"(default)"},{"attribute":"document","value":"shops/{shopId}/reviews/{reviewId}","operator":"match-path-pattern"}],"pubsubTopic":"projects/dangdangsalon-4b2a0/topics/eventarc-nam5-onreviewcreated-160695-316","serviceAccountEmail":"112771185295-compute@developer.gserviceaccount.com","retryPolicy":"RETRY_POLICY_DO_NOT_RETRY"},"state":"ACTIVE","labels":{"deployment-tool":"cli-firebase","firebase-functions-hash":"df367083401970200236971b9a64761c05c8a43c"},"environment":"GEN_2","url":"https://us-central1-dangdangsalon-4b2a0.cloudfunctions.net/onReviewCreated","satisfiesPzi":true},"stages":[{"name":"BUILD","message":"Build in progress","state":"IN_PROGRESS","resource":"projects/112771185295/locations/us-central1/builds/a5311a7c-467e-4a8d-adc1-96178e7b19c0","resourceUri":"https://console.cloud.google.com/cloud-build/builds;region=us-central1/a5311a7c-467e-4a8d-adc1-96178e7b19c0?project=112771185295"},{"name":"SERVICE","state":"NOT_STARTED"},{"name":"TRIGGER","state":"NOT_STARTED"}],"operationType":"UPDATE_FUNCTION","buildName":"projects/112771185295/locations/us-central1/builds/a5311a7c-467e-4a8d-adc1-96178e7b19c0"},"done":false}
[debug] [2025-11-24T09:43:15.419Z] [update-default-us-central1-onReviewCreated] Retrying task index 0
[debug] [2025-11-24T09:43:15.421Z] Checked if tokens are valid: true, expires at: 1763980779801
[debug] [2025-11-24T09:43:15.421Z] Checked if tokens are valid: true, expires at: 1763980779801
[debug] [2025-11-24T09:43:15.421Z] >>> [apiv2][query] GET https://cloudfunctions.googleapis.com/v2/projects/dangdangsalon-4b2a0/locations/us-central1/operations/operation-1763977387105-64453fd8cdb93-106196d5-890dbf34 [none]
[debug] [2025-11-24T09:43:16.618Z] <<< [apiv2][status] GET https://cloudfunctions.googleapis.com/v2/projects/dangdangsalon-4b2a0/locations/us-central1/operations/operation-1763977387105-64453fd8cdb93-106196d5-890dbf34 200
[debug] [2025-11-24T09:43:16.619Z] <<< [apiv2][body] GET https://cloudfunctions.googleapis.com/v2/projects/dangdangsalon-4b2a0/locations/us-central1/operations/operation-1763977387105-64453fd8cdb93-106196d5-890dbf34 {"name":"projects/dangdangsalon-4b2a0/locations/us-central1/operations/operation-1763977387105-64453fd8cdb93-106196d5-890dbf34","metadata":{"@type":"type.googleapis.com/google.cloud.functions.v2.OperationMetadata","createTime":"2025-11-24T09:43:08.167431132Z","target":"projects/dangdangsalon-4b2a0/locations/us-central1/functions/onReviewCreated","verb":"update","cancelRequested":false,"apiVersion":"v2","requestResource":{"@type":"type.googleapis.com/google.cloud.functions.v2.Function","name":"projects/dangdangsalon-4b2a0/locations/us-central1/functions/onReviewCreated","buildConfig":{"runtime":"nodejs22","entryPoint":"onReviewCreated","source":{"storageSource":{"bucket":"gcf-v2-sources-112771185295-us-central1","object":"onReviewCreated/function-source.zip","generation":"1763977388081814"}},"environmentVariables":{"GOOGLE_NODE_RUN_SCRIPTS":""},"dockerRepository":"projects/dangdangsalon-4b2a0/locations/us-central1/repositories/gcf-artifacts","sourceProvenance":{"resolvedStorageSource":{"bucket":"gcf-v2-sources-112771185295-us-central1","object":"onReviewCreated/function-source.zip","generation":"1763567326418114"}},"dockerRegistry":"ARTIFACT_REGISTRY","serviceAccount":"projects/dangdangsalon-4b2a0/serviceAccounts/112771185295-compute@developer.gserviceaccount.com","automaticUpdatePolicy":{}},"serviceConfig":{"service":"projects/dangdangsalon-4b2a0/locations/us-central1/services/onreviewcreated","timeoutSeconds":60,"environmentVariables":{"FIREBASE_CONFIG":"{\"projectId\":\"dangdangsalon-4b2a0\",\"storageBucket\":\"dangdangsalon-4b2a0.firebasestorage.app\"}","GCLOUD_PROJECT":"dangdangsalon-4b2a0","EVENTARC_CLOUD_EVENT_SOURCE":"projects/dangdangsalon-4b2a0/locations/us-central1/services/onReviewCreated","FUNCTION_SIGNATURE_TYPE":"cloudevent","FUNCTION_TARGET":"onReviewCreated","LOG_EXECUTION_ID":"true"},"ingressSettings":"ALLOW_ALL","uri":"https://onreviewcreated-4itvt5lbka-uc.a.run.app","serviceAccountEmail":"112771185295-compute@developer.gserviceaccount.com","availableMemory":"256Mi","allTrafficOnLatestRevision":true,"revision":"onreviewcreated-00008-mek","maxInstanceRequestConcurrency":80,"availableCpu":"1"},"eventTrigger":{"trigger":"projects/dangdangsalon-4b2a0/locations/nam5/triggers/onreviewcreated-160695","triggerRegion":"nam5","eventType":"google.cloud.firestore.document.v1.written","eventFilters":[{"attribute":"database","value":"(default)"},{"attribute":"namespace","value":"(default)"},{"attribute":"document","value":"shops/{shopId}/reviews/{reviewId}","operator":"match-path-pattern"}],"pubsubTopic":"projects/dangdangsalon-4b2a0/topics/eventarc-nam5-onreviewcreated-160695-316","serviceAccountEmail":"112771185295-compute@developer.gserviceaccount.com","retryPolicy":"RETRY_POLICY_DO_NOT_RETRY"},"state":"ACTIVE","labels":{"deployment-tool":"cli-firebase","firebase-functions-hash":"df367083401970200236971b9a64761c05c8a43c"},"environment":"GEN_2","url":"https://us-central1-dangdangsalon-4b2a0.cloudfunctions.net/onReviewCreated","satisfiesPzi":true},"stages":[{"name":"BUILD","message":"Build in progress","state":"IN_PROGRESS","resource":"projects/112771185295/locations/us-central1/builds/a5311a7c-467e-4a8d-adc1-96178e7b19c0","resourceUri":"https://console.cloud.google.com/cloud-build/builds;region=us-central1/a5311a7c-467e-4a8d-adc1-96178e7b19c0?project=112771185295"},{"name":"SERVICE","state":"NOT_STARTED"},{"name":"TRIGGER","state":"NOT_STARTED"}],"operationType":"UPDATE_FUNCTION","buildName":"projects/112771185295/locations/us-central1/builds/a5311a7c-467e-4a8d-adc1-96178e7b19c0"},"done":false}
